<?xml version="1.0" encoding="UTF-8"?>
<beans xmlns="http://www.springframework.org/schema/beans"
xmlns:xsi="http://www.w3.org/2001/XMLSchema-instance"
xsi:schemaLocation="http://www.springframework.org/schema/beans
http://www.springframework.org/schema/beans/spring-beans.xsd">
<!-- configuration details go here -->

<bean name="enriqueIglesiasCd" class="es.caser.spring.cds.CdVirgen">
	
    <property name="title" value="Sex and love" />
    <property name="artist" value="Enrique iglesias" />
	<property name="tracks">
	    <list>
		<value>I'm a Freak</value>
		<value>There Goes My Baby</value>
		<value>Bailando</value>
		<value>El Perdedor</value>				
		<!-- ...other tracks omitted for brevity... -->
	</list>
	</property>

</bean>
<bean name="masterOfPuppets" class="es.caser.spring.cds.MasterOfPuppets">	
</bean>
</beans>